

Started GET "/" for 127.0.0.1 at 2014-08-16 12:14:04 -0400
Processing by Rails::WelcomeController#index as HTML
  Rendered /Users/diego/.rvm/gems/ruby-1.9.3-p125/gems/railties-4.0.3/lib/rails/templates/rails/welcome/index.html.erb (2.4ms)
Completed 200 OK in 50ms (Views: 40.5ms | ActiveRecord: 0.0ms)


Started GET "/" for 127.0.0.1 at 2014-08-16 12:14:25 -0400

ActionController::RoutingError (uninitialized constant WelcomeController):
  activesupport (4.0.3) lib/active_support/inflector/methods.rb:226:in `const_get'
  activesupport (4.0.3) lib/active_support/inflector/methods.rb:226:in `block in constantize'
  activesupport (4.0.3) lib/active_support/inflector/methods.rb:224:in `each'
  activesupport (4.0.3) lib/active_support/inflector/methods.rb:224:in `inject'
  activesupport (4.0.3) lib/active_support/inflector/methods.rb:224:in `constantize'
  actionpack (4.0.3) lib/action_dispatch/routing/route_set.rb:76:in `controller_reference'
  actionpack (4.0.3) lib/action_dispatch/routing/route_set.rb:66:in `controller'
  actionpack (4.0.3) lib/action_dispatch/routing/route_set.rb:44:in `call'
  actionpack (4.0.3) lib/action_dispatch/journey/router.rb:71:in `block in call'
  actionpack (4.0.3) lib/action_dispatch/journey/router.rb:59:in `each'
  actionpack (4.0.3) lib/action_dispatch/journey/router.rb:59:in `call'
  actionpack (4.0.3) lib/action_dispatch/routing/route_set.rb:680:in `call'
  rack (1.5.2) lib/rack/etag.rb:23:in `call'
  rack (1.5.2) lib/rack/conditionalget.rb:25:in `call'
  rack (1.5.2) lib/rack/head.rb:11:in `call'
  actionpack (4.0.3) lib/action_dispatch/middleware/params_parser.rb:27:in `call'
  actionpack (4.0.3) lib/action_dispatch/middleware/flash.rb:241:in `call'
  rack (1.5.2) lib/rack/session/abstract/id.rb:225:in `context'
  rack (1.5.2) lib/rack/session/abstract/id.rb:220:in `call'
  actionpack (4.0.3) lib/action_dispatch/middleware/cookies.rb:486:in `call'
  activerecord (4.0.3) lib/active_record/query_cache.rb:36:in `call'
  activerecord (4.0.3) lib/active_record/connection_adapters/abstract/connection_pool.rb:626:in `call'
  activerecord (4.0.3) lib/active_record/migration.rb:369:in `call'
  actionpack (4.0.3) lib/action_dispatch/middleware/callbacks.rb:29:in `block in call'
  activesupport (4.0.3) lib/active_support/callbacks.rb:373:in `_run__3710751234920760502__call__callbacks'
  activesupport (4.0.3) lib/active_support/callbacks.rb:80:in `run_callbacks'
  actionpack (4.0.3) lib/action_dispatch/middleware/callbacks.rb:27:in `call'
  actionpack (4.0.3) lib/action_dispatch/middleware/reloader.rb:64:in `call'
  actionpack (4.0.3) lib/action_dispatch/middleware/remote_ip.rb:76:in `call'
  actionpack (4.0.3) lib/action_dispatch/middleware/debug_exceptions.rb:17:in `call'
  actionpack (4.0.3) lib/action_dispatch/middleware/show_exceptions.rb:30:in `call'
  railties (4.0.3) lib/rails/rack/logger.rb:38:in `call_app'
  railties (4.0.3) lib/rails/rack/logger.rb:20:in `block in call'
  activesupport (4.0.3) lib/active_support/tagged_logging.rb:67:in `block in tagged'
  activesupport (4.0.3) lib/active_support/tagged_logging.rb:25:in `tagged'
  activesupport (4.0.3) lib/active_support/tagged_logging.rb:67:in `tagged'
  railties (4.0.3) lib/rails/rack/logger.rb:20:in `call'
  actionpack (4.0.3) lib/action_dispatch/middleware/request_id.rb:21:in `call'
  rack (1.5.2) lib/rack/methodoverride.rb:21:in `call'
  rack (1.5.2) lib/rack/runtime.rb:17:in `call'
  activesupport (4.0.3) lib/active_support/cache/strategy/local_cache.rb:83:in `call'
  rack (1.5.2) lib/rack/lock.rb:17:in `call'
  actionpack (4.0.3) lib/action_dispatch/middleware/static.rb:64:in `call'
  rack (1.5.2) lib/rack/sendfile.rb:112:in `call'
  railties (4.0.3) lib/rails/engine.rb:511:in `call'
  railties (4.0.3) lib/rails/application.rb:97:in `call'
  rack (1.5.2) lib/rack/lock.rb:17:in `call'
  rack (1.5.2) lib/rack/content_length.rb:14:in `call'
  rack (1.5.2) lib/rack/handler/webrick.rb:60:in `service'
  /Users/diego/.rvm/rubies/ruby-1.9.3-p125/lib/ruby/1.9.1/webrick/httpserver.rb:138:in `service'
  /Users/diego/.rvm/rubies/ruby-1.9.3-p125/lib/ruby/1.9.1/webrick/httpserver.rb:94:in `run'
  /Users/diego/.rvm/rubies/ruby-1.9.3-p125/lib/ruby/1.9.1/webrick/server.rb:191:in `block in start_thread'


  Rendered /Users/diego/.rvm/gems/ruby-1.9.3-p125/gems/actionpack-4.0.3/lib/action_dispatch/middleware/templates/rescues/_trace.erb (1.4ms)
  Rendered /Users/diego/.rvm/gems/ruby-1.9.3-p125/gems/actionpack-4.0.3/lib/action_dispatch/middleware/templates/routes/_route.html.erb (1.0ms)
  Rendered /Users/diego/.rvm/gems/ruby-1.9.3-p125/gems/actionpack-4.0.3/lib/action_dispatch/middleware/templates/routes/_table.html.erb (21.9ms)
  Rendered /Users/diego/.rvm/gems/ruby-1.9.3-p125/gems/actionpack-4.0.3/lib/action_dispatch/middleware/templates/rescues/routing_error.erb within rescues/layout (76.9ms)


Started GET "/" for 127.0.0.1 at 2014-08-16 12:14:28 -0400

ActionController::RoutingError (uninitialized constant WelcomeController):
  activesupport (4.0.3) lib/active_support/inflector/methods.rb:226:in `const_get'
  activesupport (4.0.3) lib/active_support/inflector/methods.rb:226:in `block in constantize'
  activesupport (4.0.3) lib/active_support/inflector/methods.rb:224:in `each'
  activesupport (4.0.3) lib/active_support/inflector/methods.rb:224:in `inject'
  activesupport (4.0.3) lib/active_support/inflector/methods.rb:224:in `constantize'
  actionpack (4.0.3) lib/action_dispatch/routing/route_set.rb:76:in `controller_reference'
  actionpack (4.0.3) lib/action_dispatch/routing/route_set.rb:66:in `controller'
  actionpack (4.0.3) lib/action_dispatch/routing/route_set.rb:44:in `call'
  actionpack (4.0.3) lib/action_dispatch/journey/router.rb:71:in `block in call'
  actionpack (4.0.3) lib/action_dispatch/journey/router.rb:59:in `each'
  actionpack (4.0.3) lib/action_dispatch/journey/router.rb:59:in `call'
  actionpack (4.0.3) lib/action_dispatch/routing/route_set.rb:680:in `call'
  rack (1.5.2) lib/rack/etag.rb:23:in `call'
  rack (1.5.2) lib/rack/conditionalget.rb:25:in `call'
  rack (1.5.2) lib/rack/head.rb:11:in `call'
  actionpack (4.0.3) lib/action_dispatch/middleware/params_parser.rb:27:in `call'
  actionpack (4.0.3) lib/action_dispatch/middleware/flash.rb:241:in `call'
  rack (1.5.2) lib/rack/session/abstract/id.rb:225:in `context'
  rack (1.5.2) lib/rack/session/abstract/id.rb:220:in `call'
  actionpack (4.0.3) lib/action_dispatch/middleware/cookies.rb:486:in `call'
  activerecord (4.0.3) lib/active_record/query_cache.rb:36:in `call'
  activerecord (4.0.3) lib/active_record/connection_adapters/abstract/connection_pool.rb:626:in `call'
  activerecord (4.0.3) lib/active_record/migration.rb:369:in `call'
  actionpack (4.0.3) lib/action_dispatch/middleware/callbacks.rb:29:in `block in call'
  activesupport (4.0.3) lib/active_support/callbacks.rb:373:in `_run__3710751234920760502__call__callbacks'
  activesupport (4.0.3) lib/active_support/callbacks.rb:80:in `run_callbacks'
  actionpack (4.0.3) lib/action_dispatch/middleware/callbacks.rb:27:in `call'
  actionpack (4.0.3) lib/action_dispatch/middleware/reloader.rb:64:in `call'
  actionpack (4.0.3) lib/action_dispatch/middleware/remote_ip.rb:76:in `call'
  actionpack (4.0.3) lib/action_dispatch/middleware/debug_exceptions.rb:17:in `call'
  actionpack (4.0.3) lib/action_dispatch/middleware/show_exceptions.rb:30:in `call'
  railties (4.0.3) lib/rails/rack/logger.rb:38:in `call_app'
  railties (4.0.3) lib/rails/rack/logger.rb:20:in `block in call'
  activesupport (4.0.3) lib/active_support/tagged_logging.rb:67:in `block in tagged'
  activesupport (4.0.3) lib/active_support/tagged_logging.rb:25:in `tagged'
  activesupport (4.0.3) lib/active_support/tagged_logging.rb:67:in `tagged'
  railties (4.0.3) lib/rails/rack/logger.rb:20:in `call'
  actionpack (4.0.3) lib/action_dispatch/middleware/request_id.rb:21:in `call'
  rack (1.5.2) lib/rack/methodoverride.rb:21:in `call'
  rack (1.5.2) lib/rack/runtime.rb:17:in `call'
  activesupport (4.0.3) lib/active_support/cache/strategy/local_cache.rb:83:in `call'
  rack (1.5.2) lib/rack/lock.rb:17:in `call'
  actionpack (4.0.3) lib/action_dispatch/middleware/static.rb:64:in `call'
  rack (1.5.2) lib/rack/sendfile.rb:112:in `call'
  railties (4.0.3) lib/rails/engine.rb:511:in `call'
  railties (4.0.3) lib/rails/application.rb:97:in `call'
  rack (1.5.2) lib/rack/lock.rb:17:in `call'
  rack (1.5.2) lib/rack/content_length.rb:14:in `call'
  rack (1.5.2) lib/rack/handler/webrick.rb:60:in `service'
  /Users/diego/.rvm/rubies/ruby-1.9.3-p125/lib/ruby/1.9.1/webrick/httpserver.rb:138:in `service'
  /Users/diego/.rvm/rubies/ruby-1.9.3-p125/lib/ruby/1.9.1/webrick/httpserver.rb:94:in `run'
  /Users/diego/.rvm/rubies/ruby-1.9.3-p125/lib/ruby/1.9.1/webrick/server.rb:191:in `block in start_thread'


  Rendered /Users/diego/.rvm/gems/ruby-1.9.3-p125/gems/actionpack-4.0.3/lib/action_dispatch/middleware/templates/rescues/_trace.erb (1.0ms)
  Rendered /Users/diego/.rvm/gems/ruby-1.9.3-p125/gems/actionpack-4.0.3/lib/action_dispatch/middleware/templates/routes/_route.html.erb (0.6ms)
  Rendered /Users/diego/.rvm/gems/ruby-1.9.3-p125/gems/actionpack-4.0.3/lib/action_dispatch/middleware/templates/routes/_table.html.erb (1.2ms)
  Rendered /Users/diego/.rvm/gems/ruby-1.9.3-p125/gems/actionpack-4.0.3/lib/action_dispatch/middleware/templates/rescues/routing_error.erb within rescues/layout (14.0ms)


Started GET "/" for 127.0.0.1 at 2014-08-16 12:15:58 -0400
Processing by PublicController#index as HTML
  Rendered public/index.html.erb within layouts/application (2.0ms)
Completed 200 OK in 623ms (Views: 613.2ms | ActiveRecord: 0.0ms)


Started GET "/assets/turbolinks.js?body=1" for 127.0.0.1 at 2014-08-16 12:15:59 -0400


Started GET "/assets/jquery.js?body=1" for 127.0.0.1 at 2014-08-16 12:15:59 -0400


Started GET "/assets/application.css?body=1" for 127.0.0.1 at 2014-08-16 12:15:59 -0400


Started GET "/assets/public.css?body=1" for 127.0.0.1 at 2014-08-16 12:15:59 -0400


Started GET "/assets/jquery_ujs.js?body=1" for 127.0.0.1 at 2014-08-16 12:15:59 -0400


Started GET "/assets/public.js?body=1" for 127.0.0.1 at 2014-08-16 12:15:59 -0400


Started GET "/assets/application.js?body=1" for 127.0.0.1 at 2014-08-16 12:15:59 -0400
